#! /usr/bin/vvp
:ivl_version "12.0 (stable)";
:ivl_delay_selection "TYPICAL";
:vpi_time_precision - 12;
:vpi_module "/usr/lib/aarch64-linux-gnu/ivl/system.vpi";
:vpi_module "/usr/lib/aarch64-linux-gnu/ivl/vhdl_sys.vpi";
:vpi_module "/usr/lib/aarch64-linux-gnu/ivl/vhdl_textio.vpi";
:vpi_module "/usr/lib/aarch64-linux-gnu/ivl/v2005_math.vpi";
:vpi_module "/usr/lib/aarch64-linux-gnu/ivl/va_math.vpi";
:vpi_module "/usr/lib/aarch64-linux-gnu/ivl/v2009.vpi";
S_0xb75938222670 .scope package, "$unit" "$unit" 2 1;
 .timescale 0 0;
S_0xb75938222800 .scope module, "tb_gemv" "tb_gemv" 3 20;
 .timescale -9 -12;
P_0xb759382b1840 .param/l "ACTIVE_M" 1 3 25, +C4<00000000000000000000000000000100>;
P_0xb759382b1880 .param/l "ACTIVE_N" 1 3 24, +C4<00000000000000000000000000010000>;
P_0xb759382b18c0 .param/l "CLK_PERIOD_NS" 1 3 21, +C4<00000000000000000000000000001010>;
P_0xb759382b1900 .param/l "LEN" 1 3 22, +C4<00000000000000000000000000100000>;
P_0xb759382b1940 .param/l "OUT_DIM" 1 3 23, +C4<00000000000000000000000000100000>;
v0xb759382e8380 .array/2s "b_ref", 31 0, 31 0;
v0xb759382e8460_0 .var "b_wr_data", 31 0;
v0xb759382e8520_0 .var "b_wr_en", 0 0;
v0xb759382e8620_0 .var "bias_en", 0 0;
v0xb759382e86f0_0 .net "busy", 0 0, v0xb759382e1670_0;  1 drivers
v0xb759382e87e0_0 .var "clear_done", 0 0;
v0xb759382e88b0_0 .var "clk", 0 0;
v0xb759382e8980_0 .net "done", 0 0, v0xb759382e1990_0;  1 drivers
v0xb759382e8a50_0 .var "len_64", 0 0;
v0xb759382e8b20_0 .var "out_dim_64", 0 0;
v0xb759382e8bf0_0 .var "reset", 0 0;
v0xb759382e8cc0_0 .var "start", 0 0;
v0xb759382e8d90 .array/2s "w_ref", 1023 0, 7 0;
v0xb759382e8e30_0 .var "w_wr_data", 7 0;
v0xb759382e8f00_0 .var "w_wr_en", 0 0;
v0xb759382e8fd0 .array/2s "x_ref", 31 0, 7 0;
v0xb759382e9070_0 .var "x_wr_data", 7 0;
v0xb759382e9140_0 .var "x_wr_en", 0 0;
v0xb759382e9210 .array/2s "y_gold", 31 0, 31 0;
v0xb759382e92b0_0 .net "y_rd_data", 31 0, L_0xb7593829cd20;  1 drivers
v0xb759382e9380_0 .var "y_rd_en", 0 0;
S_0xb75938286140 .scope autotask, "compute_golden" "compute_golden" 3 158, 3 158 0, S_0xb75938222800;
 .timescale -9 -12;
TD_tb_gemv.compute_golden ;
    %fork t_1, S_0xb75938286320;
    %jmp t_0;
    .scope S_0xb75938286320;
t_1 ;
    %pushi/vec4 0, 0, 32;
    %store/vec4 v0xb759382bb250_0, 0, 32;
T_0.0 ;
    %load/vec4 v0xb759382bb250_0;
    %cmpi/s 32, 0, 32;
    %jmp/0xz T_0.1, 5;
    %fork t_3, S_0xb759382c1b60;
    %jmp t_2;
    .scope S_0xb759382c1b60;
t_3 ;
    %load/vec4 v0xb759382e8620_0;
    %flag_set/vec4 8;
    %jmp/0 T_0.2, 8;
    %ix/getv/s 4, v0xb759382bb250_0;
    %load/vec4a v0xb759382e8380, 4;
    %jmp/1 T_0.3, 8;
T_0.2 ; End of true expr.
    %pushi/vec4 0, 0, 32;
    %jmp/0 T_0.3, 8;
 ; End of false expr.
    %blend;
T_0.3;
    %cast2;
    %store/vec4 v0xb759382bac70_0, 0, 32;
    %fork t_5, S_0xb759382c1cf0;
    %jmp t_4;
    .scope S_0xb759382c1cf0;
t_5 ;
    %pushi/vec4 0, 0, 32;
    %store/vec4 v0xb7593829cec0_0, 0, 32;
T_0.4 ;
    %load/vec4 v0xb7593829cec0_0;
    %cmpi/s 32, 0, 32;
    %jmp/0xz T_0.5, 5;
    ; show_stmt_assign_vector: Get l-value for compressed += operand
    %load/vec4 v0xb759382bac70_0;
    %ix/getv/s 4, v0xb7593829cec0_0;
    %load/vec4a v0xb759382e8fd0, 4;
    %pad/s 32;
    %load/vec4 v0xb759382bb250_0;
    %pad/s 38;
    %pad/s 43;
    %muli 32, 0, 43;
    %pad/s 44;
    %load/vec4 v0xb7593829cec0_0;
    %pad/s 44;
    %add;
    %ix/vec4/s 4;
    %load/vec4a v0xb759382e8d90, 4;
    %pad/s 32;
    %mul;
    %cast2;
    %add;
    %cast2;
    %store/vec4 v0xb759382bac70_0, 0, 32;
    ; show_stmt_assign_vector: Get l-value for compressed += operand
    %load/vec4 v0xb7593829cec0_0;
    %pushi/vec4 1, 0, 32;
    %add;
    %cast2;
    %store/vec4 v0xb7593829cec0_0, 0, 32;
    %jmp T_0.4;
T_0.5 ;
    %end;
    .scope S_0xb759382c1b60;
t_4 %join;
    %load/vec4 v0xb759382bac70_0;
    %ix/getv/s 4, v0xb759382bb250_0;
    %store/vec4a v0xb759382e9210, 4, 0;
    %end;
    .scope S_0xb75938286320;
t_2 %join;
    ; show_stmt_assign_vector: Get l-value for compressed += operand
    %load/vec4 v0xb759382bb250_0;
    %pushi/vec4 1, 0, 32;
    %add;
    %cast2;
    %store/vec4 v0xb759382bb250_0, 0, 32;
    %jmp T_0.0;
T_0.1 ;
    %end;
    .scope S_0xb75938286140;
t_0 %join;
    %end;
S_0xb75938286320 .scope autobegin, "$ivl_for_loop4" "$ivl_for_loop4" 3 159, 3 159 0, S_0xb75938286140;
 .timescale -9 -12;
v0xb759382bb250_0 .var/2s "r", 31 0;
S_0xb759382c1b60 .scope autobegin, "$unm_blk_5" "$unm_blk_5" 3 159, 3 159 0, S_0xb75938286320;
 .timescale -9 -12;
v0xb759382bac70_0 .var/2s "acc", 31 0;
S_0xb759382c1cf0 .scope autobegin, "$ivl_for_loop5" "$ivl_for_loop5" 3 161, 3 161 0, S_0xb759382c1b60;
 .timescale -9 -12;
v0xb7593829cec0_0 .var/2s "c", 31 0;
S_0xb759382df320 .scope autotask, "cycle" "cycle" 3 86, 3 86 0, S_0xb75938222800;
 .timescale -9 -12;
TD_tb_gemv.cycle ;
    %wait E_0xb7593828b890;
    %end;
S_0xb759382df520 .scope module, "dut" "gemv_core" 3 52, 4 8 0, S_0xb75938222800;
 .timescale -9 -12;
    .port_info 0 /INPUT 1 "clk";
    .port_info 1 /INPUT 1 "reset";
    .port_info 2 /INPUT 1 "x_wr_en";
    .port_info 3 /INPUT 8 "x_wr_data";
    .port_info 4 /INPUT 1 "w_wr_en";
    .port_info 5 /INPUT 8 "w_wr_data";
    .port_info 6 /INPUT 1 "b_wr_en";
    .port_info 7 /INPUT 32 "b_wr_data";
    .port_info 8 /INPUT 1 "start";
    .port_info 9 /INPUT 1 "len_64";
    .port_info 10 /INPUT 1 "out_dim_64";
    .port_info 11 /INPUT 1 "bias_en";
    .port_info 12 /OUTPUT 1 "busy";
    .port_info 13 /OUTPUT 1 "done";
    .port_info 14 /INPUT 1 "clear_done";
    .port_info 15 /INPUT 1 "y_rd_en";
    .port_info 16 /OUTPUT 32 "y_rd_data";
P_0xb759382df730 .param/l "LEN_BITS" 1 4 42, +C4<00000000000000000000000000000110>;
P_0xb759382df770 .param/l "MAX_LEN" 0 4 9, +C4<00000000000000000000000001000000>;
P_0xb759382df7b0 .param/l "MAX_OUT" 0 4 10, +C4<00000000000000000000000001000000>;
P_0xb759382df7f0 .param/l "OUT_BITS" 1 4 43, +C4<00000000000000000000000000000110>;
P_0xb759382df830 .param/l "S_COMPUTE" 1 4 66, C4<001>;
P_0xb759382df870 .param/l "S_DONE" 1 4 67, C4<010>;
P_0xb759382df8b0 .param/l "S_IDLE" 1 4 65, C4<000>;
P_0xb759382df8f0 .param/l "W_ADDR_BITS" 0 4 11, +C4<00000000000000000000000000001100>;
L_0xb7593829cd20 .functor BUFZ 32, L_0xb759382fa2c0, C4<00000000000000000000000000000000>, C4<00000000000000000000000000000000>, C4<00000000000000000000000000000000>;
v0xb759382dfeb0_0 .net "LEN", 6 0, L_0xb759382e9620;  1 drivers
v0xb759382dffb0_0 .net "OUT_DIM", 6 0, L_0xb759382e98d0;  1 drivers
L_0xff3a28766018 .functor BUFT 1, C4<01000000>, C4<0>, C4<0>, C4<0>;
v0xb759382e0090_0 .net/2s *"_ivl_0", 7 0, L_0xff3a28766018;  1 drivers
L_0xff3a287660f0 .functor BUFT 1, C4<00100000>, C4<0>, C4<0>, C4<0>;
v0xb759382e0180_0 .net/2s *"_ivl_10", 7 0, L_0xff3a287660f0;  1 drivers
v0xb759382e0260_0 .net *"_ivl_12", 7 0, L_0xb759382e9710;  1 drivers
L_0xff3a28766138 .functor BUFT 1, C4<000000>, C4<0>, C4<0>, C4<0>;
v0xb759382e0390_0 .net/2u *"_ivl_16", 5 0, L_0xff3a28766138;  1 drivers
v0xb759382e0470_0 .net *"_ivl_18", 11 0, L_0xb759382e9a40;  1 drivers
L_0xff3a28766060 .functor BUFT 1, C4<00100000>, C4<0>, C4<0>, C4<0>;
v0xb759382e0550_0 .net/2s *"_ivl_2", 7 0, L_0xff3a28766060;  1 drivers
L_0xff3a28766180 .functor BUFT 1, C4<000001000000>, C4<0>, C4<0>, C4<0>;
v0xb759382e0630_0 .net/2u *"_ivl_20", 11 0, L_0xff3a28766180;  1 drivers
v0xb759382e0710_0 .net *"_ivl_23", 11 0, L_0xb759382f9b40;  1 drivers
L_0xff3a287661c8 .functor BUFT 1, C4<000000>, C4<0>, C4<0>, C4<0>;
v0xb759382e07f0_0 .net/2u *"_ivl_24", 5 0, L_0xff3a287661c8;  1 drivers
v0xb759382e08d0_0 .net *"_ivl_26", 11 0, L_0xb759382f9cc0;  1 drivers
L_0xff3a28766210 .functor BUFT 1, C4<000000100000>, C4<0>, C4<0>, C4<0>;
v0xb759382e09b0_0 .net/2u *"_ivl_28", 11 0, L_0xff3a28766210;  1 drivers
v0xb759382e0a90_0 .net *"_ivl_31", 11 0, L_0xb759382f9e00;  1 drivers
L_0xff3a28766258 .functor BUFT 1, C4<00000>, C4<0>, C4<0>, C4<0>;
v0xb759382e0b70_0 .net/2u *"_ivl_34", 4 0, L_0xff3a28766258;  1 drivers
v0xb759382e0c50_0 .net *"_ivl_36", 11 0, L_0xb759382fa0d0;  1 drivers
v0xb759382e0d30_0 .net *"_ivl_4", 7 0, L_0xb759382e94b0;  1 drivers
v0xb759382e0e10_0 .net *"_ivl_40", 31 0, L_0xb759382fa2c0;  1 drivers
v0xb759382e0ef0_0 .net *"_ivl_42", 7 0, L_0xb759382fa3d0;  1 drivers
L_0xff3a287662a0 .functor BUFT 1, C4<00>, C4<0>, C4<0>, C4<0>;
v0xb759382e0fd0_0 .net *"_ivl_45", 1 0, L_0xff3a287662a0;  1 drivers
L_0xff3a287660a8 .functor BUFT 1, C4<01000000>, C4<0>, C4<0>, C4<0>;
v0xb759382e10b0_0 .net/2s *"_ivl_8", 7 0, L_0xff3a287660a8;  1 drivers
v0xb759382e1190_0 .var/s "acc", 31 0;
v0xb759382e1270 .array/s "b_mem", 63 0, 31 0;
v0xb759382e1330_0 .net "b_wr_data", 31 0, v0xb759382e8460_0;  1 drivers
v0xb759382e1410_0 .net "b_wr_en", 0 0, v0xb759382e8520_0;  1 drivers
v0xb759382e14d0_0 .var "b_wr_idx", 5 0;
v0xb759382e15b0_0 .net "bias_en", 0 0, v0xb759382e8620_0;  1 drivers
v0xb759382e1670_0 .var "busy", 0 0;
v0xb759382e1730_0 .net "clear_done", 0 0, v0xb759382e87e0_0;  1 drivers
v0xb759382e17f0_0 .net "clk", 0 0, v0xb759382e88b0_0;  1 drivers
v0xb759382e18b0_0 .var "col", 6 0;
v0xb759382e1990_0 .var "done", 0 0;
v0xb759382e1a50_0 .net "len_64", 0 0, v0xb759382e8a50_0;  1 drivers
v0xb759382e1d20_0 .net "out_dim_64", 0 0, v0xb759382e8b20_0;  1 drivers
v0xb759382e1de0_0 .net "reset", 0 0, v0xb759382e8bf0_0;  1 drivers
v0xb759382e1ea0_0 .var "row", 5 0;
v0xb759382e1f80_0 .net "row_base", 11 0, L_0xb759382f9f90;  1 drivers
v0xb759382e2060_0 .net "start", 0 0, v0xb759382e8cc0_0;  1 drivers
v0xb759382e2120_0 .var "state", 2 0;
v0xb759382e2200_0 .net "w_addr", 11 0, L_0xb759382fa1d0;  1 drivers
v0xb759382e22e0 .array/s "w_mem", 4095 0, 7 0;
v0xb759382e23a0_0 .net "w_wr_data", 7 0, v0xb759382e8e30_0;  1 drivers
v0xb759382e2480_0 .net "w_wr_en", 0 0, v0xb759382e8f00_0;  1 drivers
v0xb759382e2540_0 .var "w_wr_idx", 11 0;
v0xb759382e2620 .array/s "x_mem", 63 0, 7 0;
v0xb759382e26e0_0 .net "x_wr_data", 7 0, v0xb759382e9070_0;  1 drivers
v0xb759382e27c0_0 .net "x_wr_en", 0 0, v0xb759382e9140_0;  1 drivers
v0xb759382e2880_0 .var "x_wr_idx", 5 0;
v0xb759382e2960 .array/s "y_mem", 63 0, 31 0;
v0xb759382e2a20_0 .net "y_rd_data", 31 0, L_0xb7593829cd20;  alias, 1 drivers
v0xb759382e2b00_0 .net "y_rd_en", 0 0, v0xb759382e9380_0;  1 drivers
v0xb759382e2bc0_0 .var "y_rd_idx", 5 0;
E_0xb7593828b890 .event posedge, v0xb759382e17f0_0;
L_0xb759382e94b0 .functor MUXZ 8, L_0xff3a28766060, L_0xff3a28766018, v0xb759382e8a50_0, C4<>;
L_0xb759382e9620 .part L_0xb759382e94b0, 0, 7;
L_0xb759382e9710 .functor MUXZ 8, L_0xff3a287660f0, L_0xff3a287660a8, v0xb759382e8b20_0, C4<>;
L_0xb759382e98d0 .part L_0xb759382e9710, 0, 7;
L_0xb759382e9a40 .concat [ 6 6 0 0], v0xb759382e1ea0_0, L_0xff3a28766138;
L_0xb759382f9b40 .arith/mult 12, L_0xb759382e9a40, L_0xff3a28766180;
L_0xb759382f9cc0 .concat [ 6 6 0 0], v0xb759382e1ea0_0, L_0xff3a287661c8;
L_0xb759382f9e00 .arith/mult 12, L_0xb759382f9cc0, L_0xff3a28766210;
L_0xb759382f9f90 .functor MUXZ 12, L_0xb759382f9e00, L_0xb759382f9b40, v0xb759382e8a50_0, C4<>;
L_0xb759382fa0d0 .concat [ 7 5 0 0], v0xb759382e18b0_0, L_0xff3a28766258;
L_0xb759382fa1d0 .arith/sum 12, L_0xb759382f9f90, L_0xb759382fa0d0;
L_0xb759382fa2c0 .array/port v0xb759382e2960, L_0xb759382fa3d0;
L_0xb759382fa3d0 .concat [ 6 2 0 0], v0xb759382e2bc0_0, L_0xff3a287662a0;
S_0xb759382e2ec0 .scope autotask, "init_zero_all" "init_zero_all" 3 201, 3 201 0, S_0xb75938222800;
 .timescale -9 -12;
TD_tb_gemv.init_zero_all ;
    %fork t_7, S_0xb759382e3050;
    %jmp t_6;
    .scope S_0xb759382e3050;
t_7 ;
    %pushi/vec4 0, 0, 32;
    %store/vec4 v0xb759382e3250_0, 0, 32;
T_2.6 ;
    %load/vec4 v0xb759382e3250_0;
    %cmpi/s 32, 0, 32;
    %jmp/0xz T_2.7, 5;
    %pushi/vec4 0, 0, 8;
    %ix/getv/s 4, v0xb759382e3250_0;
    %store/vec4a v0xb759382e8fd0, 4, 0;
    ; show_stmt_assign_vector: Get l-value for compressed += operand
    %load/vec4 v0xb759382e3250_0;
    %pushi/vec4 1, 0, 32;
    %add;
    %cast2;
    %store/vec4 v0xb759382e3250_0, 0, 32;
    %jmp T_2.6;
T_2.7 ;
    %end;
    .scope S_0xb759382e2ec0;
t_6 %join;
    %fork t_9, S_0xb759382e3350;
    %jmp t_8;
    .scope S_0xb759382e3350;
t_9 ;
    %pushi/vec4 0, 0, 32;
    %store/vec4 v0xb759382e3830_0, 0, 32;
T_2.8 ;
    %load/vec4 v0xb759382e3830_0;
    %cmpi/s 32, 0, 32;
    %jmp/0xz T_2.9, 5;
    %pushi/vec4 0, 0, 32;
    %ix/getv/s 4, v0xb759382e3830_0;
    %store/vec4a v0xb759382e8380, 4, 0;
    %fork t_11, S_0xb759382e3550;
    %jmp t_10;
    .scope S_0xb759382e3550;
t_11 ;
    %pushi/vec4 0, 0, 32;
    %store/vec4 v0xb759382e3730_0, 0, 32;
T_2.10 ;
    %load/vec4 v0xb759382e3730_0;
    %cmpi/s 32, 0, 32;
    %jmp/0xz T_2.11, 5;
    %pushi/vec4 0, 0, 8;
    %load/vec4 v0xb759382e3830_0;
    %pad/s 38;
    %pad/s 43;
    %muli 32, 0, 43;
    %pad/s 44;
    %load/vec4 v0xb759382e3730_0;
    %pad/s 44;
    %add;
    %ix/vec4/s 4;
    %store/vec4a v0xb759382e8d90, 4, 0;
    ; show_stmt_assign_vector: Get l-value for compressed += operand
    %load/vec4 v0xb759382e3730_0;
    %pushi/vec4 1, 0, 32;
    %add;
    %cast2;
    %store/vec4 v0xb759382e3730_0, 0, 32;
    %jmp T_2.10;
T_2.11 ;
    %end;
    .scope S_0xb759382e3350;
t_10 %join;
    ; show_stmt_assign_vector: Get l-value for compressed += operand
    %load/vec4 v0xb759382e3830_0;
    %pushi/vec4 1, 0, 32;
    %add;
    %cast2;
    %store/vec4 v0xb759382e3830_0, 0, 32;
    %jmp T_2.8;
T_2.9 ;
    %end;
    .scope S_0xb759382e2ec0;
t_8 %join;
    %end;
S_0xb759382e3050 .scope autobegin, "$ivl_for_loop7" "$ivl_for_loop7" 3 202, 3 202 0, S_0xb759382e2ec0;
 .timescale -9 -12;
v0xb759382e3250_0 .var/2s "c", 31 0;
S_0xb759382e3350 .scope autobegin, "$ivl_for_loop8" "$ivl_for_loop8" 3 203, 3 203 0, S_0xb759382e2ec0;
 .timescale -9 -12;
v0xb759382e3830_0 .var/2s "r", 31 0;
S_0xb759382e3550 .scope autobegin, "$ivl_for_loop9" "$ivl_for_loop9" 3 205, 3 205 0, S_0xb759382e3350;
 .timescale -9 -12;
v0xb759382e3730_0 .var/2s "c", 31 0;
S_0xb759382e3930 .scope autotask, "load_b" "load_b" 3 147, 3 147 0, S_0xb75938222800;
 .timescale -9 -12;
TD_tb_gemv.load_b ;
    %fork t_13, S_0xb759382e3b60;
    %jmp t_12;
    .scope S_0xb759382e3b60;
t_13 ;
    %pushi/vec4 0, 0, 32;
    %store/vec4 v0xb759382e3d60_0, 0, 32;
T_3.12 ;
    %load/vec4 v0xb759382e3d60_0;
    %cmpi/s 32, 0, 32;
    %jmp/0xz T_3.13, 5;
    %ix/getv/s 4, v0xb759382e3d60_0;
    %load/vec4a v0xb759382e8380, 4;
    %store/vec4 v0xb759382e8460_0, 0, 32;
    %pushi/vec4 1, 0, 1;
    %store/vec4 v0xb759382e8520_0, 0, 1;
    %alloc S_0xb759382df320;
    %fork TD_tb_gemv.cycle, S_0xb759382df320;
    %join;
    %free S_0xb759382df320;
    %pushi/vec4 0, 0, 1;
    %store/vec4 v0xb759382e8520_0, 0, 1;
    %alloc S_0xb759382df320;
    %fork TD_tb_gemv.cycle, S_0xb759382df320;
    %join;
    %free S_0xb759382df320;
    ; show_stmt_assign_vector: Get l-value for compressed += operand
    %load/vec4 v0xb759382e3d60_0;
    %pushi/vec4 1, 0, 32;
    %add;
    %cast2;
    %store/vec4 v0xb759382e3d60_0, 0, 32;
    %jmp T_3.12;
T_3.13 ;
    %end;
    .scope S_0xb759382e3930;
t_12 %join;
    %end;
S_0xb759382e3b60 .scope autobegin, "$ivl_for_loop3" "$ivl_for_loop3" 3 149, 3 149 0, S_0xb759382e3930;
 .timescale -9 -12;
v0xb759382e3d60_0 .var/2s "r", 31 0;
S_0xb759382e3e60 .scope autotask, "load_w" "load_w" 3 134, 3 134 0, S_0xb75938222800;
 .timescale -9 -12;
TD_tb_gemv.load_w ;
    %fork t_15, S_0xb759382e4040;
    %jmp t_14;
    .scope S_0xb759382e4040;
t_15 ;
    %pushi/vec4 0, 0, 32;
    %store/vec4 v0xb759382e4540_0, 0, 32;
T_4.14 ;
    %load/vec4 v0xb759382e4540_0;
    %cmpi/s 32, 0, 32;
    %jmp/0xz T_4.15, 5;
    %fork t_17, S_0xb759382e4240;
    %jmp t_16;
    .scope S_0xb759382e4240;
t_17 ;
    %pushi/vec4 0, 0, 32;
    %store/vec4 v0xb759382e4440_0, 0, 32;
T_4.16 ;
    %load/vec4 v0xb759382e4440_0;
    %cmpi/s 32, 0, 32;
    %jmp/0xz T_4.17, 5;
    %load/vec4 v0xb759382e4540_0;
    %pad/s 38;
    %pad/s 43;
    %muli 32, 0, 43;
    %pad/s 44;
    %load/vec4 v0xb759382e4440_0;
    %pad/s 44;
    %add;
    %ix/vec4/s 4;
    %load/vec4a v0xb759382e8d90, 4;
    %store/vec4 v0xb759382e8e30_0, 0, 8;
    %pushi/vec4 1, 0, 1;
    %store/vec4 v0xb759382e8f00_0, 0, 1;
    %alloc S_0xb759382df320;
    %fork TD_tb_gemv.cycle, S_0xb759382df320;
    %join;
    %free S_0xb759382df320;
    %pushi/vec4 0, 0, 1;
    %store/vec4 v0xb759382e8f00_0, 0, 1;
    %alloc S_0xb759382df320;
    %fork TD_tb_gemv.cycle, S_0xb759382df320;
    %join;
    %free S_0xb759382df320;
    ; show_stmt_assign_vector: Get l-value for compressed += operand
    %load/vec4 v0xb759382e4440_0;
    %pushi/vec4 1, 0, 32;
    %add;
    %cast2;
    %store/vec4 v0xb759382e4440_0, 0, 32;
    %jmp T_4.16;
T_4.17 ;
    %end;
    .scope S_0xb759382e4040;
t_16 %join;
    ; show_stmt_assign_vector: Get l-value for compressed += operand
    %load/vec4 v0xb759382e4540_0;
    %pushi/vec4 1, 0, 32;
    %add;
    %cast2;
    %store/vec4 v0xb759382e4540_0, 0, 32;
    %jmp T_4.14;
T_4.15 ;
    %end;
    .scope S_0xb759382e3e60;
t_14 %join;
    %end;
S_0xb759382e4040 .scope autobegin, "$ivl_for_loop1" "$ivl_for_loop1" 3 136, 3 136 0, S_0xb759382e3e60;
 .timescale -9 -12;
v0xb759382e4540_0 .var/2s "r", 31 0;
S_0xb759382e4240 .scope autobegin, "$ivl_for_loop2" "$ivl_for_loop2" 3 137, 3 137 0, S_0xb759382e4040;
 .timescale -9 -12;
v0xb759382e4440_0 .var/2s "c", 31 0;
S_0xb759382e4640 .scope autotask, "load_x" "load_x" 3 123, 3 123 0, S_0xb75938222800;
 .timescale -9 -12;
TD_tb_gemv.load_x ;
    %fork t_19, S_0xb759382e4820;
    %jmp t_18;
    .scope S_0xb759382e4820;
t_19 ;
    %pushi/vec4 0, 0, 32;
    %store/vec4 v0xb759382e4a20_0, 0, 32;
T_5.18 ;
    %load/vec4 v0xb759382e4a20_0;
    %cmpi/s 32, 0, 32;
    %jmp/0xz T_5.19, 5;
    %ix/getv/s 4, v0xb759382e4a20_0;
    %load/vec4a v0xb759382e8fd0, 4;
    %store/vec4 v0xb759382e9070_0, 0, 8;
    %pushi/vec4 1, 0, 1;
    %store/vec4 v0xb759382e9140_0, 0, 1;
    %alloc S_0xb759382df320;
    %fork TD_tb_gemv.cycle, S_0xb759382df320;
    %join;
    %free S_0xb759382df320;
    %pushi/vec4 0, 0, 1;
    %store/vec4 v0xb759382e9140_0, 0, 1;
    %alloc S_0xb759382df320;
    %fork TD_tb_gemv.cycle, S_0xb759382df320;
    %join;
    %free S_0xb759382df320;
    ; show_stmt_assign_vector: Get l-value for compressed += operand
    %load/vec4 v0xb759382e4a20_0;
    %pushi/vec4 1, 0, 32;
    %add;
    %cast2;
    %store/vec4 v0xb759382e4a20_0, 0, 32;
    %jmp T_5.18;
T_5.19 ;
    %end;
    .scope S_0xb759382e4640;
t_18 %join;
    %end;
S_0xb759382e4820 .scope autobegin, "$ivl_for_loop0" "$ivl_for_loop0" 3 125, 3 125 0, S_0xb759382e4640;
 .timescale -9 -12;
v0xb759382e4a20_0 .var/2s "c", 31 0;
S_0xb759382e4b20 .scope autotask, "pulse_clear_done" "pulse_clear_done" 3 110, 3 110 0, S_0xb75938222800;
 .timescale -9 -12;
TD_tb_gemv.pulse_clear_done ;
    %pushi/vec4 1, 0, 1;
    %store/vec4 v0xb759382e87e0_0, 0, 1;
    %alloc S_0xb759382df320;
    %fork TD_tb_gemv.cycle, S_0xb759382df320;
    %join;
    %free S_0xb759382df320;
    %pushi/vec4 0, 0, 1;
    %store/vec4 v0xb759382e87e0_0, 0, 1;
    %alloc S_0xb759382df320;
    %fork TD_tb_gemv.cycle, S_0xb759382df320;
    %join;
    %free S_0xb759382df320;
    %end;
S_0xb759382e4d00 .scope autotask, "pulse_start" "pulse_start" 3 117, 3 117 0, S_0xb75938222800;
 .timescale -9 -12;
TD_tb_gemv.pulse_start ;
    %pushi/vec4 1, 0, 1;
    %store/vec4 v0xb759382e8cc0_0, 0, 1;
    %alloc S_0xb759382df320;
    %fork TD_tb_gemv.cycle, S_0xb759382df320;
    %join;
    %free S_0xb759382df320;
    %pushi/vec4 0, 0, 1;
    %store/vec4 v0xb759382e8cc0_0, 0, 1;
    %end;
S_0xb759382e4ee0 .scope autotask, "read_and_check_y" "read_and_check_y" 3 181, 3 181 0, S_0xb75938222800;
 .timescale -9 -12;
v0xb759382e5370_0 .var/str "name";
v0xb759382e5450_0 .var/2s "y_dut", 31 0;
TD_tb_gemv.read_and_check_y ;
    %fork t_21, S_0xb759382e5070;
    %jmp t_20;
    .scope S_0xb759382e5070;
t_21 ;
    %pushi/vec4 0, 0, 32;
    %store/vec4 v0xb759382e5270_0, 0, 32;
T_8.20 ;
    %load/vec4 v0xb759382e5270_0;
    %cmpi/s 32, 0, 32;
    %jmp/0xz T_8.21, 5;
    %delay 1000, 0;
    %load/vec4 v0xb759382e92b0_0;
    %cast2;
    %store/vec4 v0xb759382e5450_0, 0, 32;
    %load/vec4 v0xb759382e5450_0;
    %ix/getv/s 4, v0xb759382e5270_0;
    %load/vec4a v0xb759382e9210, 4;
    %cmp/ne;
    %jmp/0xz  T_8.22, 6;
    %vpi_call/w 3 189 "$display", "TB_GEMV: FAIL (%s) row=%0d  dut=%0d (0x%08x)  gold=%0d (0x%08x)", v0xb759382e5370_0, v0xb759382e5270_0, v0xb759382e5450_0, v0xb759382e5450_0, &A<v0xb759382e9210, v0xb759382e5270_0 >, &A<v0xb759382e9210, v0xb759382e5270_0 > {0 0 0};
    %vpi_call/w 3 191 "$fatal", 32'sb00000000000000000000000000000001 {0 0 0};
T_8.22 ;
    %pushi/vec4 1, 0, 1;
    %store/vec4 v0xb759382e9380_0, 0, 1;
    %alloc S_0xb759382df320;
    %fork TD_tb_gemv.cycle, S_0xb759382df320;
    %join;
    %free S_0xb759382df320;
    %pushi/vec4 0, 0, 1;
    %store/vec4 v0xb759382e9380_0, 0, 1;
    %alloc S_0xb759382df320;
    %fork TD_tb_gemv.cycle, S_0xb759382df320;
    %join;
    %free S_0xb759382df320;
    ; show_stmt_assign_vector: Get l-value for compressed += operand
    %load/vec4 v0xb759382e5270_0;
    %pushi/vec4 1, 0, 32;
    %add;
    %cast2;
    %store/vec4 v0xb759382e5270_0, 0, 32;
    %jmp T_8.20;
T_8.21 ;
    %end;
    .scope S_0xb759382e4ee0;
t_20 %join;
    %end;
S_0xb759382e5070 .scope autobegin, "$ivl_for_loop6" "$ivl_for_loop6" 3 185, 3 185 0, S_0xb759382e4ee0;
 .timescale -9 -12;
v0xb759382e5270_0 .var/2s "r", 31 0;
S_0xb759382e5530 .scope autotask, "reset_dut" "reset_dut" 3 90, 3 90 0, S_0xb75938222800;
 .timescale -9 -12;
TD_tb_gemv.reset_dut ;
    %pushi/vec4 0, 0, 1;
    %store/vec4 v0xb759382e9140_0, 0, 1;
    %pushi/vec4 0, 0, 8;
    %store/vec4 v0xb759382e9070_0, 0, 8;
    %pushi/vec4 0, 0, 1;
    %store/vec4 v0xb759382e8f00_0, 0, 1;
    %pushi/vec4 0, 0, 8;
    %store/vec4 v0xb759382e8e30_0, 0, 8;
    %pushi/vec4 0, 0, 1;
    %store/vec4 v0xb759382e8520_0, 0, 1;
    %pushi/vec4 0, 0, 32;
    %store/vec4 v0xb759382e8460_0, 0, 32;
    %pushi/vec4 0, 0, 1;
    %store/vec4 v0xb759382e8cc0_0, 0, 1;
    %pushi/vec4 0, 0, 1;
    %store/vec4 v0xb759382e8a50_0, 0, 1;
    %pushi/vec4 0, 0, 1;
    %store/vec4 v0xb759382e8b20_0, 0, 1;
    %pushi/vec4 0, 0, 1;
    %store/vec4 v0xb759382e8620_0, 0, 1;
    %pushi/vec4 0, 0, 1;
    %store/vec4 v0xb759382e87e0_0, 0, 1;
    %pushi/vec4 0, 0, 1;
    %store/vec4 v0xb759382e9380_0, 0, 1;
    %pushi/vec4 1, 0, 1;
    %store/vec4 v0xb759382e8bf0_0, 0, 1;
    %pushi/vec4 5, 0, 32;
T_9.24 %dup/vec4;
    %pushi/vec4 0, 0, 32;
    %cmp/s;
    %jmp/1xz T_9.25, 5;
    %jmp/1 T_9.25, 4;
    %pushi/vec4 1, 0, 32;
    %sub;
    %alloc S_0xb759382df320;
    %fork TD_tb_gemv.cycle, S_0xb759382df320;
    %join;
    %free S_0xb759382df320;
    %jmp T_9.24;
T_9.25 ;
    %pop/vec4 1;
    %pushi/vec4 0, 0, 1;
    %store/vec4 v0xb759382e8bf0_0, 0, 1;
    %pushi/vec4 2, 0, 32;
T_9.26 %dup/vec4;
    %pushi/vec4 0, 0, 32;
    %cmp/s;
    %jmp/1xz T_9.27, 5;
    %jmp/1 T_9.27, 4;
    %pushi/vec4 1, 0, 32;
    %sub;
    %alloc S_0xb759382df320;
    %fork TD_tb_gemv.cycle, S_0xb759382df320;
    %join;
    %free S_0xb759382df320;
    %jmp T_9.26;
T_9.27 ;
    %pop/vec4 1;
    %end;
S_0xb759382e5710 .scope autotask, "run_boundary" "run_boundary" 3 292, 3 292 0, S_0xb75938222800;
 .timescale -9 -12;
TD_tb_gemv.run_boundary ;
    %alloc S_0xb759382e2ec0;
    %fork TD_tb_gemv.init_zero_all, S_0xb759382e2ec0;
    %join;
    %free S_0xb759382e2ec0;
    %fork t_23, S_0xb759382e58f0;
    %jmp t_22;
    .scope S_0xb759382e58f0;
t_23 ;
    %pushi/vec4 0, 0, 32;
    %store/vec4 v0xb759382e5af0_0, 0, 32;
T_10.28 ;
    %load/vec4 v0xb759382e5af0_0;
    %cmpi/s 16, 0, 32;
    %jmp/0xz T_10.29, 5;
    %pushi/vec4 127, 0, 8;
    %ix/getv/s 4, v0xb759382e5af0_0;
    %store/vec4a v0xb759382e8fd0, 4, 0;
    ; show_stmt_assign_vector: Get l-value for compressed += operand
    %load/vec4 v0xb759382e5af0_0;
    %pushi/vec4 1, 0, 32;
    %add;
    %cast2;
    %store/vec4 v0xb759382e5af0_0, 0, 32;
    %jmp T_10.28;
T_10.29 ;
    %end;
    .scope S_0xb759382e5710;
t_22 %join;
    %fork t_25, S_0xb759382e5bf0;
    %jmp t_24;
    .scope S_0xb759382e5bf0;
t_25 ;
    %pushi/vec4 0, 0, 32;
    %store/vec4 v0xb759382e5df0_0, 0, 32;
T_10.30 ;
    %load/vec4 v0xb759382e5df0_0;
    %cmpi/s 16, 0, 32;
    %jmp/0xz T_10.31, 5;
    %pushi/vec4 127, 0, 8;
    %ix/getv/s 4, v0xb759382e5df0_0;
    %store/vec4a v0xb759382e8d90, 4, 0;
    ; show_stmt_assign_vector: Get l-value for compressed += operand
    %load/vec4 v0xb759382e5df0_0;
    %pushi/vec4 1, 0, 32;
    %add;
    %cast2;
    %store/vec4 v0xb759382e5df0_0, 0, 32;
    %jmp T_10.30;
T_10.31 ;
    %end;
    .scope S_0xb759382e5710;
t_24 %join;
    %fork t_27, S_0xb759382e5ed0;
    %jmp t_26;
    .scope S_0xb759382e5ed0;
t_27 ;
    %pushi/vec4 0, 0, 32;
    %store/vec4 v0xb759382e60b0_0, 0, 32;
T_10.32 ;
    %load/vec4 v0xb759382e60b0_0;
    %cmpi/s 16, 0, 32;
    %jmp/0xz T_10.33, 5;
    %pushi/vec4 128, 0, 8;
    %pushi/vec4 32, 0, 7;
    %pad/s 8;
    %load/vec4 v0xb759382e60b0_0;
    %pad/s 8;
    %add;
    %ix/vec4/s 4;
    %store/vec4a v0xb759382e8d90, 4, 0;
    ; show_stmt_assign_vector: Get l-value for compressed += operand
    %load/vec4 v0xb759382e60b0_0;
    %pushi/vec4 1, 0, 32;
    %add;
    %cast2;
    %store/vec4 v0xb759382e60b0_0, 0, 32;
    %jmp T_10.32;
T_10.33 ;
    %end;
    .scope S_0xb759382e5710;
t_26 %join;
    %fork t_29, S_0xb759382e6190;
    %jmp t_28;
    .scope S_0xb759382e6190;
t_29 ;
    %pushi/vec4 0, 0, 32;
    %store/vec4 v0xb759382e6370_0, 0, 32;
T_10.34 ;
    %load/vec4 v0xb759382e6370_0;
    %cmpi/s 16, 0, 32;
    %jmp/0xz T_10.35, 5;
    %load/vec4 v0xb759382e6370_0;
    %parti/s 1, 0, 2;
    %flag_set/vec4 8;
    %jmp/0 T_10.36, 8;
    %pushi/vec4 128, 0, 8;
    %jmp/1 T_10.37, 8;
T_10.36 ; End of true expr.
    %pushi/vec4 127, 0, 8;
    %jmp/0 T_10.37, 8;
 ; End of false expr.
    %blend;
T_10.37;
    %pushi/vec4 64, 0, 8;
    %pad/s 9;
    %load/vec4 v0xb759382e6370_0;
    %pad/s 9;
    %add;
    %ix/vec4/s 4;
    %store/vec4a v0xb759382e8d90, 4, 0;
    ; show_stmt_assign_vector: Get l-value for compressed += operand
    %load/vec4 v0xb759382e6370_0;
    %pushi/vec4 1, 0, 32;
    %add;
    %cast2;
    %store/vec4 v0xb759382e6370_0, 0, 32;
    %jmp T_10.34;
T_10.35 ;
    %end;
    .scope S_0xb759382e5710;
t_28 %join;
    %fork t_31, S_0xb759382e6470;
    %jmp t_30;
    .scope S_0xb759382e6470;
t_31 ;
    %pushi/vec4 0, 0, 32;
    %store/vec4 v0xb759382e66a0_0, 0, 32;
T_10.38 ;
    %load/vec4 v0xb759382e66a0_0;
    %cmpi/s 16, 0, 32;
    %jmp/0xz T_10.39, 5;
    %load/vec4 v0xb759382e66a0_0;
    %parti/s 1, 0, 2;
    %flag_set/vec4 8;
    %jmp/0 T_10.40, 8;
    %pushi/vec4 127, 0, 8;
    %jmp/1 T_10.41, 8;
T_10.40 ; End of true expr.
    %pushi/vec4 128, 0, 8;
    %jmp/0 T_10.41, 8;
 ; End of false expr.
    %blend;
T_10.41;
    %pushi/vec4 96, 0, 8;
    %pad/s 9;
    %load/vec4 v0xb759382e66a0_0;
    %pad/s 9;
    %add;
    %ix/vec4/s 4;
    %store/vec4a v0xb759382e8d90, 4, 0;
    ; show_stmt_assign_vector: Get l-value for compressed += operand
    %load/vec4 v0xb759382e66a0_0;
    %pushi/vec4 1, 0, 32;
    %add;
    %cast2;
    %store/vec4 v0xb759382e66a0_0, 0, 32;
    %jmp T_10.38;
T_10.39 ;
    %end;
    .scope S_0xb759382e5710;
t_30 %join;
    %pushi/vec4 0, 0, 1;
    %store/vec4 v0xb759382e8620_0, 0, 1;
    %pushi/vec4 0, 0, 1;
    %store/vec4 v0xb759382e8a50_0, 0, 1;
    %pushi/vec4 0, 0, 1;
    %store/vec4 v0xb759382e8b20_0, 0, 1;
    %alloc S_0xb759382e4b20;
    %fork TD_tb_gemv.pulse_clear_done, S_0xb759382e4b20;
    %join;
    %free S_0xb759382e4b20;
    %alloc S_0xb759382e4640;
    %fork TD_tb_gemv.load_x, S_0xb759382e4640;
    %join;
    %free S_0xb759382e4640;
    %alloc S_0xb759382e3e60;
    %fork TD_tb_gemv.load_w, S_0xb759382e3e60;
    %join;
    %free S_0xb759382e3e60;
    %alloc S_0xb759382e3930;
    %fork TD_tb_gemv.load_b, S_0xb759382e3930;
    %join;
    %free S_0xb759382e3930;
    %alloc S_0xb75938286140;
    %fork TD_tb_gemv.compute_golden, S_0xb75938286140;
    %join;
    %free S_0xb75938286140;
    %alloc S_0xb759382e4d00;
    %fork TD_tb_gemv.pulse_start, S_0xb759382e4d00;
    %join;
    %free S_0xb759382e4d00;
    %alloc S_0xb759382e7fc0;
    %pushi/vec4 5000, 0, 32;
    %store/vec4 v0xb759382e82a0_0, 0, 32;
    %fork TD_tb_gemv.wait_done_with_timeout, S_0xb759382e7fc0;
    %join;
    %free S_0xb759382e7fc0;
    %alloc S_0xb759382e4b20;
    %fork TD_tb_gemv.pulse_clear_done, S_0xb759382e4b20;
    %join;
    %free S_0xb759382e4b20;
    %alloc S_0xb759382e4ee0;
    %pushi/str "boundary";
    %store/str v0xb759382e5370_0;
    %fork TD_tb_gemv.read_and_check_y, S_0xb759382e4ee0;
    %join;
    %free S_0xb759382e4ee0;
    %vpi_call/w 3 326 "$display", "TB_GEMV: PASS boundary/extremes" {0 0 0};
    %end;
S_0xb759382e58f0 .scope autobegin, "$ivl_for_loop16" "$ivl_for_loop16" 3 295, 3 295 0, S_0xb759382e5710;
 .timescale -9 -12;
v0xb759382e5af0_0 .var/2s "c", 31 0;
S_0xb759382e5bf0 .scope autobegin, "$ivl_for_loop17" "$ivl_for_loop17" 3 300, 3 300 0, S_0xb759382e5710;
 .timescale -9 -12;
v0xb759382e5df0_0 .var/2s "c", 31 0;
S_0xb759382e5ed0 .scope autobegin, "$ivl_for_loop18" "$ivl_for_loop18" 3 302, 3 302 0, S_0xb759382e5710;
 .timescale -9 -12;
v0xb759382e60b0_0 .var/2s "c", 31 0;
S_0xb759382e6190 .scope autobegin, "$ivl_for_loop19" "$ivl_for_loop19" 3 304, 3 304 0, S_0xb759382e5710;
 .timescale -9 -12;
v0xb759382e6370_0 .var/2s "c", 31 0;
S_0xb759382e6470 .scope autobegin, "$ivl_for_loop20" "$ivl_for_loop20" 3 306, 3 306 0, S_0xb759382e5710;
 .timescale -9 -12;
v0xb759382e66a0_0 .var/2s "c", 31 0;
S_0xb759382e67a0 .scope autotask, "run_deterministic" "run_deterministic" 3 212, 3 212 0, S_0xb75938222800;
 .timescale -9 -12;
TD_tb_gemv.run_deterministic ;
    %alloc S_0xb759382e2ec0;
    %fork TD_tb_gemv.init_zero_all, S_0xb759382e2ec0;
    %join;
    %free S_0xb759382e2ec0;
    %fork t_33, S_0xb759382e6980;
    %jmp t_32;
    .scope S_0xb759382e6980;
t_33 ;
    %pushi/vec4 0, 0, 32;
    %store/vec4 v0xb759382e6b80_0, 0, 32;
T_11.42 ;
    %load/vec4 v0xb759382e6b80_0;
    %cmpi/s 16, 0, 32;
    %jmp/0xz T_11.43, 5;
    %load/vec4 v0xb759382e6b80_0;
    %muli 3, 0, 32;
    %subi 20, 0, 32;
    %cast2;
    %pad/s 8;
    %ix/getv/s 4, v0xb759382e6b80_0;
    %store/vec4a v0xb759382e8fd0, 4, 0;
    ; show_stmt_assign_vector: Get l-value for compressed += operand
    %load/vec4 v0xb759382e6b80_0;
    %pushi/vec4 1, 0, 32;
    %add;
    %cast2;
    %store/vec4 v0xb759382e6b80_0, 0, 32;
    %jmp T_11.42;
T_11.43 ;
    %end;
    .scope S_0xb759382e67a0;
t_32 %join;
    %fork t_35, S_0xb759382e6c80;
    %jmp t_34;
    .scope S_0xb759382e6c80;
t_35 ;
    %pushi/vec4 0, 0, 32;
    %store/vec4 v0xb759382e7160_0, 0, 32;
T_11.44 ;
    %load/vec4 v0xb759382e7160_0;
    %cmpi/s 4, 0, 32;
    %jmp/0xz T_11.45, 5;
    %load/vec4 v0xb759382e7160_0;
    %subi 5, 0, 32;
    %cast2;
    %ix/getv/s 4, v0xb759382e7160_0;
    %store/vec4a v0xb759382e8380, 4, 0;
    %fork t_37, S_0xb759382e6e80;
    %jmp t_36;
    .scope S_0xb759382e6e80;
t_37 ;
    %pushi/vec4 0, 0, 32;
    %store/vec4 v0xb759382e7060_0, 0, 32;
T_11.46 ;
    %load/vec4 v0xb759382e7060_0;
    %cmpi/s 16, 0, 32;
    %jmp/0xz T_11.47, 5;
    %load/vec4 v0xb759382e7160_0;
    %muli 7, 0, 32;
    %load/vec4 v0xb759382e7060_0;
    %muli 2, 0, 32;
    %sub;
    %cast2;
    %pad/s 8;
    %load/vec4 v0xb759382e7160_0;
    %pad/s 38;
    %pad/s 43;
    %muli 32, 0, 43;
    %pad/s 44;
    %load/vec4 v0xb759382e7060_0;
    %pad/s 44;
    %add;
    %ix/vec4/s 4;
    %store/vec4a v0xb759382e8d90, 4, 0;
    ; show_stmt_assign_vector: Get l-value for compressed += operand
    %load/vec4 v0xb759382e7060_0;
    %pushi/vec4 1, 0, 32;
    %add;
    %cast2;
    %store/vec4 v0xb759382e7060_0, 0, 32;
    %jmp T_11.46;
T_11.47 ;
    %end;
    .scope S_0xb759382e6c80;
t_36 %join;
    ; show_stmt_assign_vector: Get l-value for compressed += operand
    %load/vec4 v0xb759382e7160_0;
    %pushi/vec4 1, 0, 32;
    %add;
    %cast2;
    %store/vec4 v0xb759382e7160_0, 0, 32;
    %jmp T_11.44;
T_11.45 ;
    %end;
    .scope S_0xb759382e67a0;
t_34 %join;
    %pushi/vec4 1, 0, 1;
    %store/vec4 v0xb759382e8620_0, 0, 1;
    %pushi/vec4 0, 0, 1;
    %store/vec4 v0xb759382e8a50_0, 0, 1;
    %pushi/vec4 0, 0, 1;
    %store/vec4 v0xb759382e8b20_0, 0, 1;
    %alloc S_0xb759382e4b20;
    %fork TD_tb_gemv.pulse_clear_done, S_0xb759382e4b20;
    %join;
    %free S_0xb759382e4b20;
    %alloc S_0xb759382e4640;
    %fork TD_tb_gemv.load_x, S_0xb759382e4640;
    %join;
    %free S_0xb759382e4640;
    %alloc S_0xb759382e3e60;
    %fork TD_tb_gemv.load_w, S_0xb759382e3e60;
    %join;
    %free S_0xb759382e3e60;
    %alloc S_0xb759382e3930;
    %fork TD_tb_gemv.load_b, S_0xb759382e3930;
    %join;
    %free S_0xb759382e3930;
    %alloc S_0xb75938286140;
    %fork TD_tb_gemv.compute_golden, S_0xb75938286140;
    %join;
    %free S_0xb75938286140;
    %alloc S_0xb759382e4d00;
    %fork TD_tb_gemv.pulse_start, S_0xb759382e4d00;
    %join;
    %free S_0xb759382e4d00;
    %alloc S_0xb759382e7fc0;
    %pushi/vec4 5000, 0, 32;
    %store/vec4 v0xb759382e82a0_0, 0, 32;
    %fork TD_tb_gemv.wait_done_with_timeout, S_0xb759382e7fc0;
    %join;
    %free S_0xb759382e7fc0;
    %load/vec4 v0xb759382e8980_0;
    %cmpi/ne 1, 0, 1;
    %jmp/0xz  T_11.48, 6;
    %vpi_call/w 3 241 "$display", "TB_GEMV: FAIL deterministic: done not asserted" {0 0 0};
    %vpi_call/w 3 242 "$fatal", 32'sb00000000000000000000000000000001 {0 0 0};
T_11.48 ;
    %alloc S_0xb759382e4b20;
    %fork TD_tb_gemv.pulse_clear_done, S_0xb759382e4b20;
    %join;
    %free S_0xb759382e4b20;
    %alloc S_0xb759382e4ee0;
    %pushi/str "deterministic";
    %store/str v0xb759382e5370_0;
    %fork TD_tb_gemv.read_and_check_y, S_0xb759382e4ee0;
    %join;
    %free S_0xb759382e4ee0;
    %vpi_call/w 3 249 "$display", "TB_GEMV: PASS deterministic" {0 0 0};
    %end;
S_0xb759382e6980 .scope autobegin, "$ivl_for_loop10" "$ivl_for_loop10" 3 215, 3 215 0, S_0xb759382e67a0;
 .timescale -9 -12;
v0xb759382e6b80_0 .var/2s "c", 31 0;
S_0xb759382e6c80 .scope autobegin, "$ivl_for_loop11" "$ivl_for_loop11" 3 218, 3 218 0, S_0xb759382e67a0;
 .timescale -9 -12;
v0xb759382e7160_0 .var/2s "r", 31 0;
S_0xb759382e6e80 .scope autobegin, "$ivl_for_loop12" "$ivl_for_loop12" 3 220, 3 220 0, S_0xb759382e6c80;
 .timescale -9 -12;
v0xb759382e7060_0 .var/2s "c", 31 0;
S_0xb759382e7260 .scope autotask, "run_randomized" "run_randomized" 3 252, 3 252 0, S_0xb75938222800;
 .timescale -9 -12;
v0xb759382e7d20_0 .var/2u "initial_seed", 31 0;
v0xb759382e7e20_0 .var/2u "r", 31 0;
v0xb759382e7f00_0 .var/2u "seed", 31 0;
TD_tb_gemv.run_randomized ;
    %alloc S_0xb759382e2ec0;
    %fork TD_tb_gemv.init_zero_all, S_0xb759382e2ec0;
    %join;
    %free S_0xb759382e2ec0;
    %pushi/vec4 3237998081, 0, 32;
    %store/vec4 v0xb759382e7d20_0, 0, 32;
    %load/vec4 v0xb759382e7d20_0;
    %store/vec4 v0xb759382e7f00_0, 0, 32;
    %fork t_39, S_0xb759382e7440;
    %jmp t_38;
    .scope S_0xb759382e7440;
t_39 ;
    %pushi/vec4 0, 0, 32;
    %store/vec4 v0xb759382e7640_0, 0, 32;
T_12.50 ;
    %load/vec4 v0xb759382e7640_0;
    %cmpi/s 16, 0, 32;
    %jmp/0xz T_12.51, 5;
    %vpi_func 3 261 "$urandom" 32, v0xb759382e7f00_0 {0 0 0};
    %cast2;
    %store/vec4 v0xb759382e7e20_0, 0, 32;
    %load/vec4 v0xb759382e7e20_0;
    %parti/s 8, 0, 2;
    %ix/getv/s 4, v0xb759382e7640_0;
    %store/vec4a v0xb759382e8fd0, 4, 0;
    ; show_stmt_assign_vector: Get l-value for compressed += operand
    %load/vec4 v0xb759382e7640_0;
    %pushi/vec4 1, 0, 32;
    %add;
    %cast2;
    %store/vec4 v0xb759382e7640_0, 0, 32;
    %jmp T_12.50;
T_12.51 ;
    %end;
    .scope S_0xb759382e7260;
t_38 %join;
    %fork t_41, S_0xb759382e7740;
    %jmp t_40;
    .scope S_0xb759382e7740;
t_41 ;
    %pushi/vec4 0, 0, 32;
    %store/vec4 v0xb759382e7c20_0, 0, 32;
T_12.52 ;
    %load/vec4 v0xb759382e7c20_0;
    %cmpi/s 4, 0, 32;
    %jmp/0xz T_12.53, 5;
    %vpi_func 3 266 "$urandom" 32, v0xb759382e7f00_0 {0 0 0};
    %cast2;
    %ix/getv/s 4, v0xb759382e7c20_0;
    %store/vec4a v0xb759382e8380, 4, 0;
    %fork t_43, S_0xb759382e7940;
    %jmp t_42;
    .scope S_0xb759382e7940;
t_43 ;
    %pushi/vec4 0, 0, 32;
    %store/vec4 v0xb759382e7b20_0, 0, 32;
T_12.54 ;
    %load/vec4 v0xb759382e7b20_0;
    %cmpi/s 16, 0, 32;
    %jmp/0xz T_12.55, 5;
    %vpi_func 3 268 "$urandom" 32, v0xb759382e7f00_0 {0 0 0};
    %cast2;
    %store/vec4 v0xb759382e7e20_0, 0, 32;
    %load/vec4 v0xb759382e7e20_0;
    %parti/s 8, 0, 2;
    %load/vec4 v0xb759382e7c20_0;
    %pad/s 38;
    %pad/s 43;
    %muli 32, 0, 43;
    %pad/s 44;
    %load/vec4 v0xb759382e7b20_0;
    %pad/s 44;
    %add;
    %ix/vec4/s 4;
    %store/vec4a v0xb759382e8d90, 4, 0;
    ; show_stmt_assign_vector: Get l-value for compressed += operand
    %load/vec4 v0xb759382e7b20_0;
    %pushi/vec4 1, 0, 32;
    %add;
    %cast2;
    %store/vec4 v0xb759382e7b20_0, 0, 32;
    %jmp T_12.54;
T_12.55 ;
    %end;
    .scope S_0xb759382e7740;
t_42 %join;
    ; show_stmt_assign_vector: Get l-value for compressed += operand
    %load/vec4 v0xb759382e7c20_0;
    %pushi/vec4 1, 0, 32;
    %add;
    %cast2;
    %store/vec4 v0xb759382e7c20_0, 0, 32;
    %jmp T_12.52;
T_12.53 ;
    %end;
    .scope S_0xb759382e7260;
t_40 %join;
    %pushi/vec4 1, 0, 1;
    %store/vec4 v0xb759382e8620_0, 0, 1;
    %pushi/vec4 0, 0, 1;
    %store/vec4 v0xb759382e8a50_0, 0, 1;
    %pushi/vec4 0, 0, 1;
    %store/vec4 v0xb759382e8b20_0, 0, 1;
    %alloc S_0xb759382e4b20;
    %fork TD_tb_gemv.pulse_clear_done, S_0xb759382e4b20;
    %join;
    %free S_0xb759382e4b20;
    %alloc S_0xb759382e4640;
    %fork TD_tb_gemv.load_x, S_0xb759382e4640;
    %join;
    %free S_0xb759382e4640;
    %alloc S_0xb759382e3e60;
    %fork TD_tb_gemv.load_w, S_0xb759382e3e60;
    %join;
    %free S_0xb759382e3e60;
    %alloc S_0xb759382e3930;
    %fork TD_tb_gemv.load_b, S_0xb759382e3930;
    %join;
    %free S_0xb759382e3930;
    %alloc S_0xb75938286140;
    %fork TD_tb_gemv.compute_golden, S_0xb75938286140;
    %join;
    %free S_0xb75938286140;
    %alloc S_0xb759382e4d00;
    %fork TD_tb_gemv.pulse_start, S_0xb759382e4d00;
    %join;
    %free S_0xb759382e4d00;
    %alloc S_0xb759382e7fc0;
    %pushi/vec4 5000, 0, 32;
    %store/vec4 v0xb759382e82a0_0, 0, 32;
    %fork TD_tb_gemv.wait_done_with_timeout, S_0xb759382e7fc0;
    %join;
    %free S_0xb759382e7fc0;
    %alloc S_0xb759382e4b20;
    %fork TD_tb_gemv.pulse_clear_done, S_0xb759382e4b20;
    %join;
    %free S_0xb759382e4b20;
    %alloc S_0xb759382e4ee0;
    %pushi/str "randomized";
    %store/str v0xb759382e5370_0;
    %fork TD_tb_gemv.read_and_check_y, S_0xb759382e4ee0;
    %join;
    %free S_0xb759382e4ee0;
    %vpi_call/w 3 289 "$display", "TB_GEMV: PASS randomized (seed=0x%08x)", v0xb759382e7d20_0 {0 0 0};
    %end;
S_0xb759382e7440 .scope autobegin, "$ivl_for_loop13" "$ivl_for_loop13" 3 260, 3 260 0, S_0xb759382e7260;
 .timescale -9 -12;
v0xb759382e7640_0 .var/2s "c", 31 0;
S_0xb759382e7740 .scope autobegin, "$ivl_for_loop14" "$ivl_for_loop14" 3 265, 3 265 0, S_0xb759382e7260;
 .timescale -9 -12;
v0xb759382e7c20_0 .var/2s "r_i", 31 0;
S_0xb759382e7940 .scope autobegin, "$ivl_for_loop15" "$ivl_for_loop15" 3 267, 3 267 0, S_0xb759382e7740;
 .timescale -9 -12;
v0xb759382e7b20_0 .var/2s "c", 31 0;
S_0xb759382e7fc0 .scope autotask, "wait_done_with_timeout" "wait_done_with_timeout" 3 168, 3 168 0, S_0xb75938222800;
 .timescale -9 -12;
v0xb759382e81a0_0 .var/2s "cyc", 31 0;
v0xb759382e82a0_0 .var/2s "max_cycles", 31 0;
TD_tb_gemv.wait_done_with_timeout ;
    %fork t_45, S_0xb759382e7fc0;
    %jmp t_44;
    .scope S_0xb759382e7fc0;
t_45 ;
    %pushi/vec4 0, 0, 32;
    %store/vec4 v0xb759382e81a0_0, 0, 32;
T_13.56 ;
    %load/vec4 v0xb759382e8980_0;
    %cmpi/ne 1, 0, 1;
    %jmp/0xz T_13.57, 6;
    %alloc S_0xb759382df320;
    %fork TD_tb_gemv.cycle, S_0xb759382df320;
    %join;
    %free S_0xb759382df320;
    ; show_stmt_assign_vector: Get l-value for compressed += operand
    %load/vec4 v0xb759382e81a0_0;
    %pushi/vec4 1, 0, 32;
    %add;
    %cast2;
    %store/vec4 v0xb759382e81a0_0, 0, 32;
    %load/vec4 v0xb759382e82a0_0;
    %load/vec4 v0xb759382e81a0_0;
    %cmp/s;
    %jmp/0xz  T_13.58, 5;
    %vpi_call/w 3 175 "$display", "TB_GEMV: TIMEOUT waiting for done after %0d cycles (busy=%0b done=%0b)", v0xb759382e81a0_0, v0xb759382e86f0_0, v0xb759382e8980_0 {0 0 0};
    %vpi_call/w 3 176 "$fatal", 32'sb00000000000000000000000000000001 {0 0 0};
T_13.58 ;
    %jmp T_13.56;
T_13.57 ;
    %end;
    .scope S_0xb759382e7fc0;
t_44 %join;
    %end;
    .scope S_0xb759382df520;
T_14 ;
    %wait E_0xb7593828b890;
    %load/vec4 v0xb759382e1de0_0;
    %flag_set/vec4 8;
    %jmp/0xz  T_14.0, 8;
    %pushi/vec4 0, 0, 6;
    %assign/vec4 v0xb759382e2880_0, 0;
    %pushi/vec4 0, 0, 12;
    %assign/vec4 v0xb759382e2540_0, 0;
    %pushi/vec4 0, 0, 6;
    %assign/vec4 v0xb759382e14d0_0, 0;
    %jmp T_14.1;
T_14.0 ;
    %load/vec4 v0xb759382e1730_0;
    %flag_set/vec4 8;
    %jmp/0xz  T_14.2, 8;
    %pushi/vec4 0, 0, 6;
    %assign/vec4 v0xb759382e2880_0, 0;
    %pushi/vec4 0, 0, 12;
    %assign/vec4 v0xb759382e2540_0, 0;
    %pushi/vec4 0, 0, 6;
    %assign/vec4 v0xb759382e14d0_0, 0;
    %jmp T_14.3;
T_14.2 ;
    %load/vec4 v0xb759382e27c0_0;
    %flag_set/vec4 8;
    %jmp/0xz  T_14.4, 8;
    %load/vec4 v0xb759382e26e0_0;
    %load/vec4 v0xb759382e2880_0;
    %pad/u 8;
    %ix/vec4 3;
    %ix/load 4, 0, 0; Constant delay
    %assign/vec4/a/d v0xb759382e2620, 0, 4;
    %load/vec4 v0xb759382e2880_0;
    %addi 1, 0, 6;
    %assign/vec4 v0xb759382e2880_0, 0;
T_14.4 ;
    %load/vec4 v0xb759382e2480_0;
    %flag_set/vec4 8;
    %jmp/0xz  T_14.6, 8;
    %load/vec4 v0xb759382e23a0_0;
    %load/vec4 v0xb759382e2540_0;
    %pad/u 14;
    %ix/vec4 3;
    %ix/load 4, 0, 0; Constant delay
    %assign/vec4/a/d v0xb759382e22e0, 0, 4;
    %load/vec4 v0xb759382e2540_0;
    %addi 1, 0, 12;
    %assign/vec4 v0xb759382e2540_0, 0;
T_14.6 ;
    %load/vec4 v0xb759382e1410_0;
    %flag_set/vec4 8;
    %jmp/0xz  T_14.8, 8;
    %load/vec4 v0xb759382e1330_0;
    %load/vec4 v0xb759382e14d0_0;
    %pad/u 8;
    %ix/vec4 3;
    %ix/load 4, 0, 0; Constant delay
    %assign/vec4/a/d v0xb759382e1270, 0, 4;
    %load/vec4 v0xb759382e14d0_0;
    %addi 1, 0, 6;
    %assign/vec4 v0xb759382e14d0_0, 0;
T_14.8 ;
T_14.3 ;
T_14.1 ;
    %jmp T_14;
    .thread T_14;
    .scope S_0xb759382df520;
T_15 ;
    %wait E_0xb7593828b890;
    %load/vec4 v0xb759382e1de0_0;
    %flag_set/vec4 8;
    %jmp/1 T_15.2, 8;
    %load/vec4 v0xb759382e1730_0;
    %flag_set/vec4 9;
    %flag_or 8, 9;
T_15.2;
    %jmp/0xz  T_15.0, 8;
    %pushi/vec4 0, 0, 6;
    %assign/vec4 v0xb759382e2bc0_0, 0;
    %jmp T_15.1;
T_15.0 ;
    %load/vec4 v0xb759382e2b00_0;
    %flag_set/vec4 8;
    %jmp/0xz  T_15.3, 8;
    %load/vec4 v0xb759382e2bc0_0;
    %addi 1, 0, 6;
    %assign/vec4 v0xb759382e2bc0_0, 0;
T_15.3 ;
T_15.1 ;
    %jmp T_15;
    .thread T_15;
    .scope S_0xb759382df520;
T_16 ;
    %wait E_0xb7593828b890;
    %load/vec4 v0xb759382e1de0_0;
    %flag_set/vec4 8;
    %jmp/0xz  T_16.0, 8;
    %pushi/vec4 0, 0, 3;
    %assign/vec4 v0xb759382e2120_0, 0;
    %pushi/vec4 0, 0, 1;
    %assign/vec4 v0xb759382e1670_0, 0;
    %pushi/vec4 0, 0, 1;
    %assign/vec4 v0xb759382e1990_0, 0;
    %pushi/vec4 0, 0, 6;
    %assign/vec4 v0xb759382e1ea0_0, 0;
    %pushi/vec4 0, 0, 7;
    %assign/vec4 v0xb759382e18b0_0, 0;
    %pushi/vec4 0, 0, 32;
    %assign/vec4 v0xb759382e1190_0, 0;
    %jmp T_16.1;
T_16.0 ;
    %load/vec4 v0xb759382e2120_0;
    %dup/vec4;
    %pushi/vec4 0, 0, 3;
    %cmp/u;
    %jmp/1 T_16.2, 6;
    %dup/vec4;
    %pushi/vec4 1, 0, 3;
    %cmp/u;
    %jmp/1 T_16.3, 6;
    %dup/vec4;
    %pushi/vec4 2, 0, 3;
    %cmp/u;
    %jmp/1 T_16.4, 6;
    %pushi/vec4 0, 0, 3;
    %assign/vec4 v0xb759382e2120_0, 0;
    %jmp T_16.6;
T_16.2 ;
    %load/vec4 v0xb759382e2060_0;
    %flag_set/vec4 9;
    %flag_get/vec4 9;
    %jmp/0 T_16.9, 9;
    %load/vec4 v0xb759382e1670_0;
    %nor/r;
    %and;
T_16.9;
    %flag_set/vec4 8;
    %jmp/0xz  T_16.7, 8;
    %pushi/vec4 1, 0, 3;
    %assign/vec4 v0xb759382e2120_0, 0;
    %pushi/vec4 1, 0, 1;
    %assign/vec4 v0xb759382e1670_0, 0;
    %pushi/vec4 0, 0, 1;
    %assign/vec4 v0xb759382e1990_0, 0;
    %pushi/vec4 0, 0, 6;
    %assign/vec4 v0xb759382e1ea0_0, 0;
    %pushi/vec4 0, 0, 7;
    %assign/vec4 v0xb759382e18b0_0, 0;
    %load/vec4 v0xb759382e15b0_0;
    %flag_set/vec4 8;
    %jmp/0 T_16.10, 8;
    %ix/load 4, 0, 0;
    %flag_set/imm 4, 0;
    %load/vec4a v0xb759382e1270, 4;
    %jmp/1 T_16.11, 8;
T_16.10 ; End of true expr.
    %pushi/vec4 0, 0, 32;
    %jmp/0 T_16.11, 8;
 ; End of false expr.
    %blend;
T_16.11;
    %assign/vec4 v0xb759382e1190_0, 0;
T_16.7 ;
    %jmp T_16.6;
T_16.3 ;
    %load/vec4 v0xb759382e18b0_0;
    %load/vec4 v0xb759382dfeb0_0;
    %cmp/u;
    %jmp/0xz  T_16.12, 5;
    %load/vec4 v0xb759382e1190_0;
    %load/vec4 v0xb759382e18b0_0;
    %parti/s 6, 0, 2;
    %pad/u 8;
    %ix/vec4 4;
    %load/vec4a v0xb759382e2620, 4;
    %pad/s 32;
    %load/vec4 v0xb759382e2200_0;
    %pad/u 14;
    %ix/vec4 4;
    %load/vec4a v0xb759382e22e0, 4;
    %pad/s 32;
    %mul;
    %add;
    %assign/vec4 v0xb759382e1190_0, 0;
    %load/vec4 v0xb759382e18b0_0;
    %addi 1, 0, 7;
    %assign/vec4 v0xb759382e18b0_0, 0;
    %jmp T_16.13;
T_16.12 ;
    %load/vec4 v0xb759382e1190_0;
    %load/vec4 v0xb759382e1ea0_0;
    %pad/u 8;
    %ix/vec4 3;
    %ix/load 4, 0, 0; Constant delay
    %assign/vec4/a/d v0xb759382e2960, 0, 4;
    %load/vec4 v0xb759382e1ea0_0;
    %addi 1, 0, 6;
    %assign/vec4 v0xb759382e1ea0_0, 0;
    %pushi/vec4 0, 0, 7;
    %assign/vec4 v0xb759382e18b0_0, 0;
    %load/vec4 v0xb759382dffb0_0;
    %pad/u 32;
    %load/vec4 v0xb759382e1ea0_0;
    %pad/u 32;
    %addi 1, 0, 32;
    %cmp/u;
    %flag_or 5, 4;
    %jmp/0xz  T_16.14, 5;
    %pushi/vec4 2, 0, 3;
    %assign/vec4 v0xb759382e2120_0, 0;
    %pushi/vec4 0, 0, 1;
    %assign/vec4 v0xb759382e1670_0, 0;
    %jmp T_16.15;
T_16.14 ;
    %load/vec4 v0xb759382e15b0_0;
    %flag_set/vec4 8;
    %jmp/0 T_16.16, 8;
    %load/vec4 v0xb759382e1ea0_0;
    %pad/u 32;
    %addi 1, 0, 32;
    %ix/vec4 4;
    %load/vec4a v0xb759382e1270, 4;
    %jmp/1 T_16.17, 8;
T_16.16 ; End of true expr.
    %pushi/vec4 0, 0, 32;
    %jmp/0 T_16.17, 8;
 ; End of false expr.
    %blend;
T_16.17;
    %assign/vec4 v0xb759382e1190_0, 0;
T_16.15 ;
T_16.13 ;
    %jmp T_16.6;
T_16.4 ;
    %pushi/vec4 1, 0, 1;
    %assign/vec4 v0xb759382e1990_0, 0;
    %load/vec4 v0xb759382e1730_0;
    %flag_set/vec4 8;
    %jmp/0xz  T_16.18, 8;
    %pushi/vec4 0, 0, 3;
    %assign/vec4 v0xb759382e2120_0, 0;
    %pushi/vec4 0, 0, 1;
    %assign/vec4 v0xb759382e1990_0, 0;
    %jmp T_16.19;
T_16.18 ;
    %pushi/vec4 2, 0, 3;
    %assign/vec4 v0xb759382e2120_0, 0;
T_16.19 ;
    %jmp T_16.6;
T_16.6 ;
    %pop/vec4 1;
T_16.1 ;
    %jmp T_16;
    .thread T_16;
    .scope S_0xb75938222800;
T_17 ;
    %pushi/vec4 0, 0, 1;
    %store/vec4 v0xb759382e88b0_0, 0, 1;
    %pushi/vec4 1, 0, 1;
    %store/vec4 v0xb759382e8bf0_0, 0, 1;
    %end;
    .thread T_17, $init;
    .scope S_0xb75938222800;
T_18 ;
    %delay 5000, 0;
    %load/vec4 v0xb759382e88b0_0;
    %inv;
    %store/vec4 v0xb759382e88b0_0, 0, 1;
    %jmp T_18;
    .thread T_18;
    .scope S_0xb75938222800;
T_19 ;
    %vpi_call/w 3 333 "$dumpfile", "tb_gemv.vcd" {0 0 0};
    %vpi_call/w 3 334 "$dumpvars", 32'sb00000000000000000000000000000000, S_0xb75938222800 {0 0 0};
    %alloc S_0xb759382e5530;
    %fork TD_tb_gemv.reset_dut, S_0xb759382e5530;
    %join;
    %free S_0xb759382e5530;
    %load/vec4 v0xb759382e86f0_0;
    %cmpi/ne 0, 0, 1;
    %jmp/1 T_19.2, 6;
    %flag_mov 8, 6;
    %load/vec4 v0xb759382e8980_0;
    %cmpi/ne 0, 0, 1;
    %flag_or 6, 8;
T_19.2;
    %jmp/0xz  T_19.0, 6;
    %vpi_call/w 3 340 "$display", "TB_GEMV: FAIL: expected busy=0 done=0 after reset (busy=%0b done=%0b)", v0xb759382e86f0_0, v0xb759382e8980_0 {0 0 0};
    %vpi_call/w 3 341 "$fatal", 32'sb00000000000000000000000000000001 {0 0 0};
T_19.0 ;
    %alloc S_0xb759382e67a0;
    %fork TD_tb_gemv.run_deterministic, S_0xb759382e67a0;
    %join;
    %free S_0xb759382e67a0;
    %alloc S_0xb759382e7260;
    %fork TD_tb_gemv.run_randomized, S_0xb759382e7260;
    %join;
    %free S_0xb759382e7260;
    %alloc S_0xb759382e5710;
    %fork TD_tb_gemv.run_boundary, S_0xb759382e5710;
    %join;
    %free S_0xb759382e5710;
    %vpi_call/w 3 348 "$display", "TB_GEMV: ALL TESTS PASS" {0 0 0};
    %vpi_call/w 3 349 "$finish" {0 0 0};
    %end;
    .thread T_19;
# The file index is used to find the file name in the following table.
:file_names 5;
    "N/A";
    "<interactive>";
    "-";
    "tb_gemv.sv";
    "../../hw_extensions/gemv/rtl/gemv_core.v";
